0 info it worked if it ends with ok
1 verbose cli [ '/Users/szuniga/.nvm/versions/node/v5.2.0/bin/node',
1 verbose cli   '/Users/szuniga/.nvm/versions/node/v5.2.0/bin/npm',
1 verbose cli   'run',
1 verbose cli   'transpile-watch' ]
2 info using npm@3.3.12
3 info using node@v5.2.0
4 verbose stack Error: Failed to parse json
4 verbose stack Unexpected token 's' at 9:6
4 verbose stack     "start":"./node_modules/.bin/babel-node votes.js"
4 verbose stack      ^
4 verbose stack     at parseError (/Users/szuniga/.nvm/versions/node/v5.2.0/lib/node_modules/npm/node_modules/read-package-json/read-json.js:379:11)
4 verbose stack     at parseJson (/Users/szuniga/.nvm/versions/node/v5.2.0/lib/node_modules/npm/node_modules/read-package-json/read-json.js:68:23)
4 verbose stack     at /Users/szuniga/.nvm/versions/node/v5.2.0/lib/node_modules/npm/node_modules/read-package-json/read-json.js:48:5
4 verbose stack     at /Users/szuniga/.nvm/versions/node/v5.2.0/lib/node_modules/npm/node_modules/graceful-fs/graceful-fs.js:76:16
4 verbose stack     at tryToString (fs.js:415:3)
4 verbose stack     at FSReqWrap.readFileAfterClose [as oncomplete] (fs.js:402:12)
5 verbose cwd /Users/szuniga/labs/functional
6 error Darwin 14.0.0
7 error argv "/Users/szuniga/.nvm/versions/node/v5.2.0/bin/node" "/Users/szuniga/.nvm/versions/node/v5.2.0/bin/npm" "run" "transpile-watch"
8 error node v5.2.0
9 error npm  v3.3.12
10 error file /Users/szuniga/labs/functional/package.json
11 error code EJSONPARSE
12 error Failed to parse json
12 error Unexpected token 's' at 9:6
12 error     "start":"./node_modules/.bin/babel-node votes.js"
12 error      ^
13 error File: /Users/szuniga/labs/functional/package.json
14 error Failed to parse package.json data.
14 error package.json must be actual JSON, not just JavaScript.
14 error
14 error This is not a bug in npm.
14 error Tell the package author to fix their package.json file. JSON.parse
15 verbose exit [ 1, true ]
